150923 16:42:09 [Note] Plugin 'FEDERATED' is disabled.
150923 16:42:09 InnoDB: The InnoDB memory heap is disabled
150923 16:42:09 InnoDB: Mutexes and rw_locks use Windows interlocked functions
150923 16:42:09 InnoDB: Compressed tables use zlib 1.2.3
150923 16:42:09 InnoDB: Initializing buffer pool, size = 128.0M
150923 16:42:09 InnoDB: Completed initialization of buffer pool
InnoDB: The first specified data file .\ibdata1 did not exist:
InnoDB: a new database to be created!
150923 16:42:09  InnoDB: Setting file .\ibdata1 size to 10 MB
InnoDB: Database physically writes the file full: wait...
150923 16:42:10  InnoDB: Log file .\ib_logfile0 did not exist: new to be created
InnoDB: Setting log file .\ib_logfile0 size to 5 MB
InnoDB: Database physically writes the file full: wait...
150923 16:42:11  InnoDB: Log file .\ib_logfile1 did not exist: new to be created
InnoDB: Setting log file .\ib_logfile1 size to 5 MB
InnoDB: Database physically writes the file full: wait...
InnoDB: Doublewrite buffer not found: creating new
InnoDB: Doublewrite buffer created
InnoDB: 127 rollback segment(s) active.
InnoDB: Creating foreign key constraint system tables
InnoDB: Foreign key constraint system tables created
150923 16:42:14  InnoDB: Waiting for the background threads to start
150923 16:42:15 InnoDB: 1.1.8 started; log sequence number 0
150923 16:42:15 [Note] Server hostname (bind-address): '127.0.0.1'; port: 3306
150923 16:42:15 [Note]   - '127.0.0.1' resolves to '127.0.0.1';
150923 16:42:15 [Note] Server socket created on IP: '127.0.0.1'.
150923 16:42:15 [Note] Event Scheduler: Loaded 0 events
150923 16:42:15 [Note] \usr\local\mysql-5.5\bin\mysqld.exe: ready for connections.
Version: '5.5.25'  socket: ''  port: 3306  MySQL Community Server (GPL)
150923 16:53:52 [Note] Plugin 'FEDERATED' is disabled.
150923 16:53:52 InnoDB: The InnoDB memory heap is disabled
150923 16:53:52 InnoDB: Mutexes and rw_locks use Windows interlocked functions
150923 16:53:52 InnoDB: Compressed tables use zlib 1.2.3
150923 16:53:52 InnoDB: Initializing buffer pool, size = 128.0M
150923 16:53:52 InnoDB: Completed initialization of buffer pool
150923 16:53:52 InnoDB: highest supported file format is Barracuda.
InnoDB: The log sequence number in ibdata files does not match
InnoDB: the log sequence number in the ib_logfiles!
150923 16:53:52  InnoDB: Database was not shut down normally!
InnoDB: Starting crash recovery.
InnoDB: Reading tablespace information from the .ibd files...
InnoDB: Restoring possible half-written data pages from the doublewrite
InnoDB: buffer...
150923 16:53:53  InnoDB: Waiting for the background threads to start
150923 16:53:54 InnoDB: 1.1.8 started; log sequence number 1595675
150923 16:53:54 [Note] Server hostname (bind-address): '127.0.0.1'; port: 3306
150923 16:53:54 [Note]   - '127.0.0.1' resolves to '127.0.0.1';
150923 16:53:54 [Note] Server socket created on IP: '127.0.0.1'.
150923 16:53:54 [Note] Event Scheduler: Loaded 0 events
150923 16:53:54 [Note] \usr\local\mysql-5.5\bin\mysqld.exe: ready for connections.
Version: '5.5.25'  socket: ''  port: 3306  MySQL Community Server (GPL)
