[Wed Sep 23 16:53:53 2015] [warn] Init: Name-based SSL virtual hosts only work for clients with TLS server name indication support (RFC 4366)
[Wed Sep 23 16:53:53 2015] [warn] Init: Name-based SSL virtual hosts only work for clients with TLS server name indication support (RFC 4366)
[Wed Sep 23 16:53:54 2015] [notice] Apache/2.2.22 (Win32) mod_ssl/2.2.22 OpenSSL/1.0.1c PHP/5.3.13 configured -- resuming normal operations
[Wed Sep 23 16:53:54 2015] [notice] Server built: Apr 20 2012 18:42:30
[Wed Sep 23 16:53:54 2015] [notice] Parent: Created child process 7120
[Wed Sep 23 16:53:54 2015] [notice] Disabled use of AcceptEx() WinSock2 API
[Wed Sep 23 16:53:54 2015] [warn] Init: Name-based SSL virtual hosts only work for clients with TLS server name indication support (RFC 4366)
[Wed Sep 23 16:53:54 2015] [warn] Init: Name-based SSL virtual hosts only work for clients with TLS server name indication support (RFC 4366)
[Wed Sep 23 16:53:54 2015] [notice] Child 7120: Child process is running
[Wed Sep 23 16:53:54 2015] [notice] Child 7120: Acquired the start mutex.
[Wed Sep 23 16:53:54 2015] [notice] Child 7120: Starting 25 worker threads.
[Wed Sep 23 16:53:54 2015] [notice] Child 7120: Listening on port 443.
[Wed Sep 23 16:53:54 2015] [notice] Child 7120: Listening on port 8648.
[Wed Sep 23 16:53:54 2015] [notice] Child 7120: Listening on port 443.
[Wed Sep 23 16:53:54 2015] [notice] Child 7120: Listening on port 80.
[Wed Sep 23 16:58:31 2015] [notice] Parent: Received shutdown signal -- Shutting down the server.
[Wed Sep 23 16:58:31 2015] [notice] Child 7120: Exit event signaled. Child process is ending.
[Wed Sep 23 16:58:32 2015] [notice] Child 7120: Released the start mutex
[Wed Sep 23 16:58:32 2015] [notice] Child 7120: All worker threads have exited.
[Wed Sep 23 16:58:32 2015] [notice] Child 7120: Child process is exiting
[Wed Sep 23 16:58:32 2015] [notice] Parent: Child process exited successfully.
